Build started 11/6/2014 8:37:57 AM.
     1>Project "C:\Users\Rajat\Desktop\CSE598 CG\Assignments\assignment 3\Assignment3\P3.Aggarwal.V1\Assignment3_Source_Code_with_Executable\TemplateProject.vcxproj" on node 2 (Build target(s)).
     1>ClCompile:
         C:\Program Files (x86)\Microsoft Visual Studio 12.0\VC\bin\CL.exe /c /Ifreeglut/include /Iglew/include /Icwc/include /Zi /nologo /W3 /WX- /O2 /Oy- /D WIN32 /D NDEBUG /D _CONSOLE /D FREEGLUT_STATIC /D GLEW_STATIC /D _VC80_UPGRADE=0x0710 /D _MBCS /Gm- /EHsc /MT /GS /fp:precise /Zc:wchar_t /Zc:forScope /Fo"Release\\" /Fd"Release\vc120.pdb" /Gd /TP /analyze- /errorReport:prompt cwc\source\glsl.cpp
         glsl.cpp
     1>cwc\source\glsl.cpp(1351): warning C4244: 'initializing' : conversion from 'std::streamoff' to 'unsigned long', possible loss of data
     1>cwc\source\glsl.cpp(1353): warning C4244: 'initializing' : conversion from 'std::streamoff' to 'unsigned long', possible loss of data
       Link:
         C:\Program Files (x86)\Microsoft Visual Studio 12.0\VC\bin\link.exe /ERRORREPORT:PROMPT /OUT:"Release\TemplateProject.exe" /INCREMENTAL:NO /NOLOGO kernel32.lib user32.lib gdi32.lib winspool.lib comdlg32.lib advapi32.lib shell32.lib ole32.lib oleaut32.lib uuid.lib odbc32.lib odbccp32.lib /MANIFEST /MANIFESTUAC:"level='asInvoker' uiAccess='false'" /manifest:embed /DEBUG /PDB:"Release\TemplateProject.pdb" /SUBSYSTEM:CONSOLE /OPT:REF /OPT:ICF /TLBID:1 /DYNAMICBASE /NXCOMPAT /IMPLIB:"Release\TemplateProject.lib" /MACHINE:X86 /SAFESEH Release\glew.obj
         Release\freeglut_callbacks.obj
         Release\freeglut_cursor.obj
         Release\freeglut_display.obj
         Release\freeglut_ext.obj
         Release\freeglut_font.obj
         Release\freeglut_font_data.obj
         Release\freeglut_gamemode.obj
         Release\freeglut_geometry.obj
         Release\freeglut_glutfont_definitions.obj
         Release\freeglut_init.obj
         Release\freeglut_joystick.obj
         Release\freeglut_main.obj
         Release\freeglut_menu.obj
         Release\freeglut_misc.obj
         Release\freeglut_overlay.obj
         Release\freeglut_state.obj
         Release\freeglut_stroke_mono_roman.obj
         Release\freeglut_stroke_roman.obj
         Release\freeglut_structure.obj
         Release\freeglut_teapot.obj
         Release\freeglut_videoresize.obj
         Release\freeglut_window.obj
         Release\glApplication.obj
         Release\glsl.obj
         Release\glutwindow.obj
         Release\glWindow.obj
         Release\main.obj
         Release\stb_image.obj
         TemplateProject.vcxproj -> C:\Users\Rajat\Desktop\CSE598 CG\Assignments\assignment 3\Assignment3\P3.Aggarwal.V1\Assignment3_Source_Code_with_Executable\Release\TemplateProject.exe
     1>Done Building Project "C:\Users\Rajat\Desktop\CSE598 CG\Assignments\assignment 3\Assignment3\P3.Aggarwal.V1\Assignment3_Source_Code_with_Executable\TemplateProject.vcxproj" (Build target(s)).

Build succeeded.

Time Elapsed 00:00:01.60
