c:\users\rajat\desktop\cse598 cg\assignments\assignment 3\assignment3\assignment3 - solving\assignment3\debug\vc120.pdb
c:\users\rajat\desktop\cse598 cg\assignments\assignment 3\assignment3\assignment3 - solving\assignment3\debug\vc120.idb
c:\users\rajat\desktop\cse598 cg\assignments\assignment 3\assignment3\assignment3 - solving\assignment3\debug\freeglut_ext.obj
c:\users\rajat\desktop\cse598 cg\assignments\assignment 3\assignment3\assignment3 - solving\assignment3\debug\freeglut_font.obj
c:\users\rajat\desktop\cse598 cg\assignments\assignment 3\assignment3\assignment3 - solving\assignment3\debug\freeglut_font_data.obj
c:\users\rajat\desktop\cse598 cg\assignments\assignment 3\assignment3\assignment3 - solving\assignment3\debug\freeglut_gamemode.obj
c:\users\rajat\desktop\cse598 cg\assignments\assignment 3\assignment3\assignment3 - solving\assignment3\debug\freeglut_geometry.obj
c:\users\rajat\desktop\cse598 cg\assignments\assignment 3\assignment3\assignment3 - solving\assignment3\debug\freeglut_glutfont_definitions.obj
c:\users\rajat\desktop\cse598 cg\assignments\assignment 3\assignment3\assignment3 - solving\assignment3\debug\freeglut_init.obj
c:\users\rajat\desktop\cse598 cg\assignments\assignment 3\assignment3\assignment3 - solving\assignment3\debug\freeglut_joystick.obj
c:\users\rajat\desktop\cse598 cg\assignments\assignment 3\assignment3\assignment3 - solving\assignment3\debug\freeglut_main.obj
c:\users\rajat\desktop\cse598 cg\assignments\assignment 3\assignment3\assignment3 - solving\assignment3\debug\freeglut_menu.obj
c:\users\rajat\desktop\cse598 cg\assignments\assignment 3\assignment3\assignment3 - solving\assignment3\debug\freeglut_misc.obj
c:\users\rajat\desktop\cse598 cg\assignments\assignment 3\assignment3\assignment3 - solving\assignment3\debug\freeglut_overlay.obj
c:\users\rajat\desktop\cse598 cg\assignments\assignment 3\assignment3\assignment3 - solving\assignment3\debug\freeglut_state.obj
c:\users\rajat\desktop\cse598 cg\assignments\assignment 3\assignment3\assignment3 - solving\assignment3\debug\freeglut_stroke_mono_roman.obj
c:\users\rajat\desktop\cse598 cg\assignments\assignment 3\assignment3\assignment3 - solving\assignment3\debug\freeglut_stroke_roman.obj
c:\users\rajat\desktop\cse598 cg\assignments\assignment 3\assignment3\assignment3 - solving\assignment3\debug\freeglut_structure.obj
c:\users\rajat\desktop\cse598 cg\assignments\assignment 3\assignment3\assignment3 - solving\assignment3\debug\freeglut_teapot.obj
c:\users\rajat\desktop\cse598 cg\assignments\assignment 3\assignment3\assignment3 - solving\assignment3\debug\freeglut_videoresize.obj
c:\users\rajat\desktop\cse598 cg\assignments\assignment 3\assignment3\assignment3 - solving\assignment3\debug\freeglut_window.obj
c:\users\rajat\desktop\cse598 cg\assignments\assignment 3\assignment3\assignment3 - solving\assignment3\debug\stb_image.obj
c:\users\rajat\desktop\cse598 cg\assignments\assignment 3\assignment3\assignment3 - solving\assignment3\debug\glew.obj
c:\users\rajat\desktop\cse598 cg\assignments\assignment 3\assignment3\assignment3 - solving\assignment3\debug\freeglut_callbacks.obj
c:\users\rajat\desktop\cse598 cg\assignments\assignment 3\assignment3\assignment3 - solving\assignment3\debug\freeglut_cursor.obj
c:\users\rajat\desktop\cse598 cg\assignments\assignment 3\assignment3\assignment3 - solving\assignment3\debug\freeglut_display.obj
c:\users\rajat\desktop\cse598 cg\assignments\assignment 3\assignment3\assignment3 - solving\assignment3\debug\glapplication.obj
c:\users\rajat\desktop\cse598 cg\assignments\assignment 3\assignment3\assignment3 - solving\assignment3\debug\glsl.obj
c:\users\rajat\desktop\cse598 cg\assignments\assignment 3\assignment3\assignment3 - solving\assignment3\debug\glutwindow.obj
c:\users\rajat\desktop\cse598 cg\assignments\assignment 3\assignment3\assignment3 - solving\assignment3\debug\glwindow.obj
c:\users\rajat\desktop\cse598 cg\assignments\assignment 3\assignment3\assignment3 - solving\assignment3\debug\testprocrustes.obj
c:\users\rajat\desktop\cse598 cg\assignments\assignment 3\assignment3\assignment3 - solving\assignment3\debug\testtinysvd.obj
c:\users\rajat\desktop\cse598 cg\assignments\assignment 3\assignment3\assignment3 - solving\assignment3\debug\imathbox.obj
c:\users\rajat\desktop\cse598 cg\assignments\assignment 3\assignment3\assignment3 - solving\assignment3\debug\imathfun.obj
c:\users\rajat\desktop\cse598 cg\assignments\assignment 3\assignment3\assignment3 - solving\assignment3\debug\imathmatrixalgo.obj
c:\users\rajat\desktop\cse598 cg\assignments\assignment 3\assignment3\assignment3 - solving\assignment3\debug\imathrandom.obj
c:\users\rajat\desktop\cse598 cg\assignments\assignment 3\assignment3\assignment3 - solving\assignment3\debug\imathshear.obj
c:\users\rajat\desktop\cse598 cg\assignments\assignment 3\assignment3\assignment3 - solving\assignment3\debug\imathvec.obj
c:\users\rajat\desktop\cse598 cg\assignments\assignment 3\assignment3\assignment3 - solving\assignment3\debug\testjacobieigensolver.obj
c:\users\rajat\desktop\cse598 cg\assignments\assignment 3\assignment3\assignment3 - solving\assignment3\debug\elut.obj
c:\users\rajat\desktop\cse598 cg\assignments\assignment 3\assignment3\assignment3 - solving\assignment3\debug\tofloat.obj
c:\users\rajat\desktop\cse598 cg\assignments\assignment 3\assignment3\assignment3 - solving\assignment3\debug\iexthrowerrnoexc.obj
c:\users\rajat\desktop\cse598 cg\assignments\assignment 3\assignment3\assignment3 - solving\assignment3\debug\templateproject.tlog\cl.command.1.tlog
c:\users\rajat\desktop\cse598 cg\assignments\assignment 3\assignment3\assignment3 - solving\assignment3\debug\templateproject.tlog\cl.read.1.tlog
c:\users\rajat\desktop\cse598 cg\assignments\assignment 3\assignment3\assignment3 - solving\assignment3\debug\templateproject.tlog\cl.write.1.tlog
