Build started 11/15/2014 7:16:49 PM.
     1>Project "C:\Users\Rajat\Desktop\CSE598 CG\Assignments\assignment 4\RayTrace\RayTrace - Solving 1\RayTrace\RayTrace.vcxproj" on node 2 (Build target(s)).
     1>ClCompile:
         C:\Program Files (x86)\Microsoft Visual Studio 12.0\VC\bin\CL.exe /c /ZI /nologo /W3 /WX- /Od /Oy- /D _MBCS /Gm /EHsc /RTC1 /MDd /GS /fp:precise /Zc:wchar_t /Zc:forScope /Fo"Debug\\" /Fd"Debug\vc120.pdb" /Gd /TP /analyze- /errorReport:prompt starter.cpp
         starter.cpp
     1>c:\users\rajat\desktop\cse598 cg\assignments\assignment 4\raytrace\raytrace - solving 1\raytrace\scene.h(411): warning C4996: 'stricmp': The POSIX name for this item is deprecated. Instead, use the ISO C++ conformant name: _stricmp. See online help for details.
                 c:\program files (x86)\microsoft visual studio 12.0\vc\include\string.h(253) : see declaration of 'stricmp'
     1>c:\users\rajat\desktop\cse598 cg\assignments\assignment 4\raytrace\raytrace - solving 1\raytrace\scene.h(424): warning C4996: 'stricmp': The POSIX name for this item is deprecated. Instead, use the ISO C++ conformant name: _stricmp. See online help for details.
                 c:\program files (x86)\microsoft visual studio 12.0\vc\include\string.h(253) : see declaration of 'stricmp'
     1>c:\users\rajat\desktop\cse598 cg\assignments\assignment 4\raytrace\raytrace - solving 1\raytrace\scene.h(460): warning C4996: 'stricmp': The POSIX name for this item is deprecated. Instead, use the ISO C++ conformant name: _stricmp. See online help for details.
                 c:\program files (x86)\microsoft visual studio 12.0\vc\include\string.h(253) : see declaration of 'stricmp'
     1>c:\users\rajat\desktop\cse598 cg\assignments\assignment 4\raytrace\raytrace - solving 1\raytrace\raytrace.h(129): warning C4129: 'c' : unrecognized character escape sequence
     1>c:\users\rajat\desktop\cse598 cg\assignments\assignment 4\raytrace\raytrace - solving 1\raytrace\raytrace.h(105): warning C4018: '<' : signed/unsigned mismatch
     1>c:\users\rajat\desktop\cse598 cg\assignments\assignment 4\raytrace\raytrace - solving 1\raytrace\raytrace.h(158): warning C4018: '<' : signed/unsigned mismatch
       Link:
         C:\Program Files (x86)\Microsoft Visual Studio 12.0\VC\bin\link.exe /ERRORREPORT:PROMPT /OUT:"C:\Users\Rajat\Desktop\CSE598 CG\Assignments\assignment 4\RayTrace\RayTrace - Solving 1\Debug\RayTrace.exe" /INCREMENTAL /NOLOGO kernel32.lib user32.lib gdi32.lib winspool.lib comdlg32.lib advapi32.lib shell32.lib ole32.lib oleaut32.lib uuid.lib odbc32.lib odbccp32.lib /MANIFEST /MANIFESTUAC:"level='asInvoker' uiAccess='false'" /manifest:embed /DEBUG /PDB:"C:\Users\Rajat\Desktop\CSE598 CG\Assignments\assignment 4\RayTrace\RayTrace - Solving 1\Debug\RayTrace.pdb" /TLBID:1 /DYNAMICBASE /NXCOMPAT /IMPLIB:"C:\Users\Rajat\Desktop\CSE598 CG\Assignments\assignment 4\RayTrace\RayTrace - Solving 1\Debug\RayTrace.lib" /MACHINE:X86 Debug\3ds.obj
         Debug\starter.obj
         Debug\xmlParser.obj
         RayTrace.vcxproj -> C:\Users\Rajat\Desktop\CSE598 CG\Assignments\assignment 4\RayTrace\RayTrace - Solving 1\Debug\RayTrace.exe
     1>Done Building Project "C:\Users\Rajat\Desktop\CSE598 CG\Assignments\assignment 4\RayTrace\RayTrace - Solving 1\RayTrace\RayTrace.vcxproj" (Build target(s)).

Build succeeded.

Time Elapsed 00:00:01.63
