Build started 11/13/2014 6:56:43 PM.
     1>Project "C:\Users\Rajat\Desktop\CSE598 CG\Assignments\assignment 1\final upload\P1.Aggarwal.V2\P1.Aggarwal.V2.SourceCode\basics.vcxproj" on node 2 (Build target(s)).
     1>ClCompile:
         C:\Program Files (x86)\Microsoft Visual Studio 12.0\VC\bin\CL.exe /c /Zi /nologo /W3 /WX- /O2 /Ob1 /Oy- /D WIN32 /D NDEBUG /D _CONSOLE /D _VC80_UPGRADE=0x0600 /D _MBCS /GF /Gm- /EHsc /MT /GS /Gy /fp:precise /Zc:wchar_t /Zc:forScope /Fo".\Release\\" /Fd".\Release\vc120.pdb" /Gd /TC /analyze- /errorReport:prompt basics.c stb_image.c
         basics.c
     1>basics.c(168): warning C4013: 'stbi_load' undefined; assuming extern returning int
     1>basics.c(168): warning C4047: '=' : 'unsigned char *' differs in levels of indirection from 'int'
     1>basics.c(231): warning C4047: 'function' : 'char *' differs in levels of indirection from 'unsigned char **'
     1>basics.c(231): warning C4024: 'flipImag' : different types for formal and actual parameter 1
     1>basics.c(231): warning C4047: 'function' : 'char *' differs in levels of indirection from 'char **'
     1>basics.c(231): warning C4024: 'flipImag' : different types for formal and actual parameter 2
     1>basics.c(270): warning C4047: '=' : 'char *' differs in levels of indirection from 'char'
     1>basics.c(271): warning C4047: '=' : 'char *' differs in levels of indirection from 'char'
     1>basics.c(272): warning C4047: '=' : 'char *' differs in levels of indirection from 'char'
     1>basics.c(334): warning C4113: 'void (__cdecl *)()' differs in parameter lists from 'void (__cdecl *)(void)'
     1>basics.c(337): warning C4113: 'void (__cdecl *)()' differs in parameter lists from 'void (__cdecl *)(void)'
         stb_image.c
     1>stb_image.c(559): warning C4996: 'fopen': This function or variable may be unsafe. Consider using fopen_s instead. To disable deprecation, use _CRT_SECURE_NO_WARNINGS. See online help for details.
                 C:\Program Files (x86)\Microsoft Visual Studio 12.0\VC\include\stdio.h(211) : see declaration of 'fopen'
     1>stb_image.c(626): warning C4996: 'fopen': This function or variable may be unsafe. Consider using fopen_s instead. To disable deprecation, use _CRT_SECURE_NO_WARNINGS. See online help for details.
                 C:\Program Files (x86)\Microsoft Visual Studio 12.0\VC\include\stdio.h(211) : see declaration of 'fopen'
     1>stb_image.c(664): warning C4996: 'fopen': This function or variable may be unsafe. Consider using fopen_s instead. To disable deprecation, use _CRT_SECURE_NO_WARNINGS. See online help for details.
                 C:\Program Files (x86)\Microsoft Visual Studio 12.0\VC\include\stdio.h(211) : see declaration of 'fopen'
     1>stb_image.c(4566): warning C4996: 'fopen': This function or variable may be unsafe. Consider using fopen_s instead. To disable deprecation, use _CRT_SECURE_NO_WARNINGS. See online help for details.
                 C:\Program Files (x86)\Microsoft Visual Studio 12.0\VC\include\stdio.h(211) : see declaration of 'fopen'
         Generating Code...
       Link:
         C:\Program Files (x86)\Microsoft Visual Studio 12.0\VC\bin\link.exe /ERRORREPORT:PROMPT /OUT:".\Release\basics.exe" /INCREMENTAL:NO /NOLOGO odbc32.lib odbccp32.lib kernel32.lib user32.lib gdi32.lib winspool.lib comdlg32.lib advapi32.lib shell32.lib ole32.lib oleaut32.lib uuid.lib odbc32.lib odbccp32.lib /MANIFEST /MANIFESTUAC:"level='asInvoker' uiAccess='false'" /manifest:embed /DEBUG /PDB:".\Release\basics.pdb" /MAP /MAPINFO:EXPORTS /SUBSYSTEM:CONSOLE /TLBID:1 /DYNAMICBASE /NXCOMPAT /IMPLIB:".\Release\basics.lib" /MACHINE:X86 /SAFESEH .\Release\basics.obj
         .\Release\stb_image.obj
         basics.vcxproj -> C:\Users\Rajat\Desktop\CSE598 CG\Assignments\assignment 1\final upload\P1.Aggarwal.V2\P1.Aggarwal.V2.SourceCode\.\Release\basics.exe
     1>Done Building Project "C:\Users\Rajat\Desktop\CSE598 CG\Assignments\assignment 1\final upload\P1.Aggarwal.V2\P1.Aggarwal.V2.SourceCode\basics.vcxproj" (Build target(s)).

Build succeeded.

Time Elapsed 00:00:03.75
