c:\users\ross maciejewski\desktop\lectures\graphics\assignments\hw3\assignment3\assignment3\debug\freeglut_ext.obj
c:\users\ross maciejewski\desktop\lectures\graphics\assignments\hw3\assignment3\assignment3\debug\freeglut_font.obj
c:\users\ross maciejewski\desktop\lectures\graphics\assignments\hw3\assignment3\assignment3\debug\freeglut_font_data.obj
c:\users\ross maciejewski\desktop\lectures\graphics\assignments\hw3\assignment3\assignment3\debug\freeglut_gamemode.obj
c:\users\ross maciejewski\desktop\lectures\graphics\assignments\hw3\assignment3\assignment3\debug\freeglut_geometry.obj
c:\users\ross maciejewski\desktop\lectures\graphics\assignments\hw3\assignment3\assignment3\debug\freeglut_glutfont_definitions.obj
c:\users\ross maciejewski\desktop\lectures\graphics\assignments\hw3\assignment3\assignment3\debug\freeglut_init.obj
c:\users\ross maciejewski\desktop\lectures\graphics\assignments\hw3\assignment3\assignment3\debug\freeglut_joystick.obj
c:\users\ross maciejewski\desktop\lectures\graphics\assignments\hw3\assignment3\assignment3\debug\freeglut_main.obj
c:\users\ross maciejewski\desktop\lectures\graphics\assignments\hw3\assignment3\assignment3\debug\freeglut_menu.obj
c:\users\ross maciejewski\desktop\lectures\graphics\assignments\hw3\assignment3\assignment3\debug\freeglut_misc.obj
c:\users\ross maciejewski\desktop\lectures\graphics\assignments\hw3\assignment3\assignment3\debug\freeglut_overlay.obj
c:\users\ross maciejewski\desktop\lectures\graphics\assignments\hw3\assignment3\assignment3\debug\freeglut_state.obj
c:\users\ross maciejewski\desktop\lectures\graphics\assignments\hw3\assignment3\assignment3\debug\freeglut_stroke_mono_roman.obj
c:\users\ross maciejewski\desktop\lectures\graphics\assignments\hw3\assignment3\assignment3\debug\freeglut_stroke_roman.obj
c:\users\ross maciejewski\desktop\lectures\graphics\assignments\hw3\assignment3\assignment3\debug\freeglut_structure.obj
c:\users\ross maciejewski\desktop\lectures\graphics\assignments\hw3\assignment3\assignment3\debug\freeglut_teapot.obj
c:\users\ross maciejewski\desktop\lectures\graphics\assignments\hw3\assignment3\assignment3\debug\freeglut_videoresize.obj
c:\users\ross maciejewski\desktop\lectures\graphics\assignments\hw3\assignment3\assignment3\debug\freeglut_window.obj
c:\users\ross maciejewski\desktop\lectures\graphics\assignments\hw3\assignment3\assignment3\debug\stb_image.obj
c:\users\ross maciejewski\desktop\lectures\graphics\assignments\hw3\assignment3\assignment3\debug\glew.obj
c:\users\ross maciejewski\desktop\lectures\graphics\assignments\hw3\assignment3\assignment3\debug\freeglut_callbacks.obj
c:\users\ross maciejewski\desktop\lectures\graphics\assignments\hw3\assignment3\assignment3\debug\freeglut_cursor.obj
c:\users\ross maciejewski\desktop\lectures\graphics\assignments\hw3\assignment3\assignment3\debug\freeglut_display.obj
c:\users\ross maciejewski\desktop\lectures\graphics\assignments\hw3\assignment3\assignment3\debug\vc100.pdb
c:\users\ross maciejewski\desktop\lectures\graphics\assignments\hw3\assignment3\assignment3\debug\glapplication.obj
c:\users\ross maciejewski\desktop\lectures\graphics\assignments\hw3\assignment3\assignment3\debug\glsl.obj
c:\users\ross maciejewski\desktop\lectures\graphics\assignments\hw3\assignment3\assignment3\debug\glutwindow.obj
c:\users\ross maciejewski\desktop\lectures\graphics\assignments\hw3\assignment3\assignment3\debug\glwindow.obj
c:\users\ross maciejewski\desktop\lectures\graphics\assignments\hw3\assignment3\assignment3\debug\main.obj
c:\users\ross maciejewski\desktop\lectures\graphics\assignments\hw3\assignment3\assignment3\debug\templateproject.exe
c:\users\ross maciejewski\desktop\lectures\graphics\assignments\hw3\assignment3\assignment3\debug\templateproject.exe.intermediate.manifest
c:\users\ross maciejewski\desktop\lectures\graphics\assignments\hw3\assignment3\assignment3\debug\templateproject.pdb
c:\users\rajat\desktop\cse598 computer graphics\assignment 3\assignment3\assignment3\assignment3\debug\vc120.pdb
c:\users\rajat\desktop\cse598 computer graphics\assignment 3\assignment3\assignment3\assignment3\debug\vc120.idb
c:\users\rajat\desktop\cse598 computer graphics\assignment 3\assignment3\assignment3\assignment3\debug\freeglut_ext.obj
c:\users\rajat\desktop\cse598 computer graphics\assignment 3\assignment3\assignment3\assignment3\debug\freeglut_font.obj
c:\users\rajat\desktop\cse598 computer graphics\assignment 3\assignment3\assignment3\assignment3\debug\freeglut_font_data.obj
c:\users\rajat\desktop\cse598 computer graphics\assignment 3\assignment3\assignment3\assignment3\debug\freeglut_gamemode.obj
c:\users\rajat\desktop\cse598 computer graphics\assignment 3\assignment3\assignment3\assignment3\debug\freeglut_geometry.obj
c:\users\rajat\desktop\cse598 computer graphics\assignment 3\assignment3\assignment3\assignment3\debug\freeglut_glutfont_definitions.obj
c:\users\rajat\desktop\cse598 computer graphics\assignment 3\assignment3\assignment3\assignment3\debug\freeglut_init.obj
c:\users\rajat\desktop\cse598 computer graphics\assignment 3\assignment3\assignment3\assignment3\debug\freeglut_joystick.obj
c:\users\rajat\desktop\cse598 computer graphics\assignment 3\assignment3\assignment3\assignment3\debug\freeglut_main.obj
c:\users\rajat\desktop\cse598 computer graphics\assignment 3\assignment3\assignment3\assignment3\debug\freeglut_menu.obj
c:\users\rajat\desktop\cse598 computer graphics\assignment 3\assignment3\assignment3\assignment3\debug\freeglut_misc.obj
c:\users\rajat\desktop\cse598 computer graphics\assignment 3\assignment3\assignment3\assignment3\debug\freeglut_overlay.obj
c:\users\rajat\desktop\cse598 computer graphics\assignment 3\assignment3\assignment3\assignment3\debug\freeglut_state.obj
c:\users\rajat\desktop\cse598 computer graphics\assignment 3\assignment3\assignment3\assignment3\debug\freeglut_stroke_mono_roman.obj
c:\users\rajat\desktop\cse598 computer graphics\assignment 3\assignment3\assignment3\assignment3\debug\freeglut_stroke_roman.obj
c:\users\rajat\desktop\cse598 computer graphics\assignment 3\assignment3\assignment3\assignment3\debug\freeglut_structure.obj
c:\users\rajat\desktop\cse598 computer graphics\assignment 3\assignment3\assignment3\assignment3\debug\freeglut_teapot.obj
c:\users\rajat\desktop\cse598 computer graphics\assignment 3\assignment3\assignment3\assignment3\debug\freeglut_videoresize.obj
c:\users\rajat\desktop\cse598 computer graphics\assignment 3\assignment3\assignment3\assignment3\debug\freeglut_window.obj
c:\users\rajat\desktop\cse598 computer graphics\assignment 3\assignment3\assignment3\assignment3\debug\stb_image.obj
c:\users\rajat\desktop\cse598 computer graphics\assignment 3\assignment3\assignment3\assignment3\debug\glew.obj
c:\users\rajat\desktop\cse598 computer graphics\assignment 3\assignment3\assignment3\assignment3\debug\freeglut_callbacks.obj
c:\users\rajat\desktop\cse598 computer graphics\assignment 3\assignment3\assignment3\assignment3\debug\freeglut_cursor.obj
c:\users\rajat\desktop\cse598 computer graphics\assignment 3\assignment3\assignment3\assignment3\debug\freeglut_display.obj
c:\users\rajat\desktop\cse598 computer graphics\assignment 3\assignment3\assignment3\assignment3\debug\glapplication.obj
c:\users\rajat\desktop\cse598 computer graphics\assignment 3\assignment3\assignment3\assignment3\debug\glsl.obj
c:\users\rajat\desktop\cse598 computer graphics\assignment 3\assignment3\assignment3\assignment3\debug\glutwindow.obj
c:\users\rajat\desktop\cse598 computer graphics\assignment 3\assignment3\assignment3\assignment3\debug\glwindow.obj
c:\users\rajat\desktop\cse598 computer graphics\assignment 3\assignment3\assignment3\assignment3\debug\main.obj
c:\users\rajat\desktop\cse598 computer graphics\assignment 3\assignment3\assignment3\assignment3\debug\cl.command.1.tlog
c:\users\rajat\desktop\cse598 computer graphics\assignment 3\assignment3\assignment3\assignment3\debug\cl.read.1.tlog
c:\users\rajat\desktop\cse598 computer graphics\assignment 3\assignment3\assignment3\assignment3\debug\cl.write.1.tlog
c:\users\rajat\desktop\cse598 computer graphics\assignment 3\assignment3\assignment3\assignment3\debug\link.command.1.tlog
c:\users\rajat\desktop\cse598 computer graphics\assignment 3\assignment3\assignment3\assignment3\debug\link.read.1.tlog
c:\users\rajat\desktop\cse598 computer graphics\assignment 3\assignment3\assignment3\assignment3\debug\link.write.1.tlog
c:\users\rajat\desktop\cse598 computer graphics\assignment 3\assignment3\assignment3\assignment3\debug\mt.command.1.tlog
c:\users\rajat\desktop\cse598 computer graphics\assignment 3\assignment3\assignment3\assignment3\debug\mt.read.1.tlog
c:\users\rajat\desktop\cse598 computer graphics\assignment 3\assignment3\assignment3\assignment3\debug\mt.write.1.tlog
c:\users\rajat\desktop\cse598 computer graphics\assignment 3\assignment3\assignment3\assignment3\debug\templateproject.write.1.tlog
c:\users\rajat\desktop\cse598 computer graphics\assignment 3\assignment3\assignment3\assignment3\debug\templateproject.exe.intermediate.manifest
c:\users\rajat\desktop\cse598 computer graphics\assignment 3\assignment3\assignment3\assignment3\debug\vc100.idb
c:\users\rajat\desktop\cse598 computer graphics\assignment 3\assignment3\assignment3\assignment3\debug\templateproject.pdb
c:\users\rajat\desktop\cse598 computer graphics\assignment 3\assignment3\assignment3\assignment3\debug\vc100.pdb
c:\users\rajat\desktop\cse598 computer graphics\assignment 3\assignment3\assignment3\assignment3\debug\templateproject.tlog\cl.command.1.tlog
c:\users\rajat\desktop\cse598 computer graphics\assignment 3\assignment3\assignment3\assignment3\debug\templateproject.tlog\cl.read.1.tlog
c:\users\rajat\desktop\cse598 computer graphics\assignment 3\assignment3\assignment3\assignment3\debug\templateproject.tlog\cl.write.1.tlog
c:\users\rajat\desktop\cse598 computer graphics\assignment 3\assignment3\assignment3\assignment3\debug\templateproject.tlog\link-cvtres.read.1.tlog
c:\users\rajat\desktop\cse598 computer graphics\assignment 3\assignment3\assignment3\assignment3\debug\templateproject.tlog\link-cvtres.write.1.tlog
c:\users\rajat\desktop\cse598 computer graphics\assignment 3\assignment3\assignment3\assignment3\debug\templateproject.tlog\link-rc.read.1.tlog
c:\users\rajat\desktop\cse598 computer graphics\assignment 3\assignment3\assignment3\assignment3\debug\templateproject.tlog\link-rc.write.1.tlog
c:\users\rajat\desktop\cse598 computer graphics\assignment 3\assignment3\assignment3\assignment3\debug\templateproject.tlog\link.command.1.tlog
c:\users\rajat\desktop\cse598 computer graphics\assignment 3\assignment3\assignment3\assignment3\debug\templateproject.tlog\link.read.1.tlog
c:\users\rajat\desktop\cse598 computer graphics\assignment 3\assignment3\assignment3\assignment3\debug\templateproject.tlog\link.write.1.tlog
